
[0;35m========================================[0m
[0;35m Checking Dependencies[0m
[0;35m========================================[0m
[0;34m[INFO][0m ‚úì cmake found
[0;34m[INFO][0m ‚úì make found
[0;34m[INFO][0m ‚úì gcc found
[0;34m[INFO][0m ‚úì pkg-config found
[0;34m[INFO][0m ‚úì libwebsockets found
[0;34m[INFO][0m ‚úì libcjson found
[0;32m[SUCCESS][0m All dependencies satisfied

[0;35m========================================[0m
[0;35m Building Test Suite[0m
[0;35m========================================[0m
[0;34m[INFO][0m Configuring CMake...
[0;34m[INFO][0m Building tests...
[0;32m[SUCCESS][0m Build completed successfully

[0;35m========================================[0m
[0;35m Running All Unit Tests[0m
[0;35m========================================[0m

[0;35m========================================[0m
[0;35m Bridge Object Unit Tests[0m
[0;35m========================================[0m
[0;31m[ERROR][0m Bridge object test executable not found

[0;35m========================================[0m
[0;35m IPSO Objects Unit Tests[0m
[0;35m========================================[0m
[0;31m[ERROR][0m IPSO object test executable not found

[0;35m========================================[0m
[0;35m SignalK Authentication Unit Tests[0m
[0;35m========================================[0m
[0;31m[ERROR][0m Authentication test executable not found
[0;34m[INFO][0m Unit Tests Summary: 0/3 passed
[0;31m[ERROR][0m Some unit tests FAILED

[0;35m========================================[0m
[0;35m Marine IoT Integration Tests[0m
[0;35m========================================[0m
[0;31m[ERROR][0m Integration test executable not found

[0;35m========================================[0m
[0;35m Test Summary[0m
[0;35m========================================[0m
[0;34m[INFO][0m Test logs saved in: /home/pi/wakaama/examples/signalk-lwm2m-client/websocket_client/test_logs/
[0;34m[INFO][0m Build artifacts in: /home/pi/wakaama/examples/signalk-lwm2m-client/websocket_client/build/
[0;34m[INFO][0m Generated 2 log files
[0;34m[INFO][0m Available test commands:
[0;31m[ERROR][0m ‚ùå SOME TESTS FAILED! System requires fixes before deployment.
