<?xml version="1.0" encoding="UTF-8"?>
<Site BuildName="(empty)"
	BuildStamp="20250826-1803-Experimental"
	Name="(empty)"
	Generator="ctest-3.25.1"
	CompilerName=""
	CompilerVersion=""
	OSName="Linux"
	Hostname="rpi"
	OSRelease="6.12.34+rpt-rpi-v8"
	OSVersion="#1 SMP PREEMPT Debian 1:6.12.34-1+rpt1~bookworm (2025-06-26)"
	OSPlatform="aarch64"
	Is64Bits="1"
	VendorString=""
	VendorID="Unknown Manufacturer"
	FamilyID="8"
	ModelID="0"
	ProcessorCacheSize="0"
	NumberOfLogicalCPU="4"
	NumberOfPhysicalCPU="1"
	TotalVirtualMemory="511"
	TotalPhysicalMemory="3796"
	LogicalProcessorsPerPhysical="4"
	ProcessorClockFrequency="0"
	>
	<Testing>
		<StartDateTime>Aug 26 20:03 CEST</StartDateTime>
		<StartTestTime>1756231431</StartTestTime>
		<TestList/>
		<EndDateTime>Aug 26 20:03 CEST</EndDateTime>
		<EndTestTime>1756231431</EndTestTime>
		<ElapsedMinutes>0</ElapsedMinutes>
	</Testing>
</Site>
